<?xml version="1.0" encoding="UTF-8"?>
<!-- Generated by org.testng.reporters.JUnitReportReporter -->
<testsuite hostname="DESKTOP-L74G382" failures="0" tests="1" name="demoTestNG.SampleTestNG" time="0.013" errors="0" timestamp="2023-09-14T10:16:10 IST" skipped="0">
  <testcase classname="demoTestNG.SampleTestNG" name="sampleTest" time="0.013"/>
</testsuite> <!-- demoTestNG.SampleTestNG -->
