<?xml version="1.0" encoding="UTF-8"?>
<!-- Generated by org.testng.reporters.JUnitReportReporter -->
<testsuite hostname="DESKTOP-L74G382" failures="0" tests="3" name="dataprovider.MainClass" time="0.022" errors="0" timestamp="2023-09-20T11:08:08 IST" skipped="0">
  <testcase classname="dataprovider.MainClass" name="displayName" time="0.005"/>
  <testcase classname="dataprovider.MainClass" name="displayName" time="0.012"/>
  <testcase classname="dataprovider.MainClass" name="displayName" time="0.005"/>
</testsuite> <!-- dataprovider.MainClass -->
