<?xml version="1.0" encoding="UTF-8"?>
<!-- Generated by org.testng.reporters.JUnitReportReporter -->
<testsuite hostname="DESKTOP-L74G382" failures="0" tests="3" name="testpriority.TestPriority" time="4.868" errors="0" timestamp="2023-09-19T11:42:22 IST" skipped="0">
  <testcase classname="testpriority.TestPriority" name="login" time="1.588"/>
  <testcase classname="testpriority.TestPriority" name="launchBrowser" time="3.251"/>
  <testcase classname="testpriority.TestPriority" name="verifyLogin" time="0.029"/>
</testsuite> <!-- testpriority.TestPriority -->
