<?xml version="1.0" encoding="UTF-8"?>
<!-- Generated by org.testng.reporters.JUnitReportReporter -->
<testsuite hostname="DESKTOP-L74G382" failures="0" tests="4" name="groups.Groups1" time="0.019" errors="0" timestamp="2023-09-19T15:58:49 IST" skipped="0">
  <testcase classname="groups.Groups1" name="test" time="0.006"/>
  <testcase classname="groups.Groups1" name="test2" time="0.002"/>
  <testcase classname="groups.Groups1" name="test1" time="0.006"/>
  <testcase classname="groups.Groups1" name="test3" time="0.005"/>
</testsuite> <!-- groups.Groups1 -->
