<?xml version="1.0" encoding="UTF-8"?>
<!-- Generated by org.testng.reporters.JUnitReportReporter -->
<testsuite hostname="DESKTOP-L74G382" failures="0" tests="4" name="parallelExecution.Test3" time="0.009" errors="0" timestamp="2023-09-20T15:37:32 IST" skipped="0">
  <testcase classname="parallelExecution.Test3" name="test9" time="0.001"/>
  <testcase classname="parallelExecution.Test3" name="test10" time="0.002"/>
  <testcase classname="parallelExecution.Test3" name="test9" time="0.002"/>
  <testcase classname="parallelExecution.Test3" name="test10" time="0.004"/>
</testsuite> <!-- parallelExecution.Test3 -->
