<?xml version="1.0" encoding="UTF-8"?>
<!-- Generated by org.testng.reporters.JUnitReportReporter -->
<testsuite hostname="DESKTOP-L74G382" failures="0" tests="3" name="demoTestNG.VerifyLogin" time="12.284" errors="0" timestamp="2023-09-14T11:05:20 IST" skipped="0">
  <testcase classname="demoTestNG.VerifyLogin" name="verifyLogin" time="2.348"/>
  <testcase classname="demoTestNG.VerifyLogin" name="tearDown" time="1.541"/>
  <testcase classname="demoTestNG.VerifyLogin" name="setUp" time="8.395"/>
</testsuite> <!-- demoTestNG.VerifyLogin -->
