<?xml version="1.0" encoding="UTF-8"?>
<!-- Generated by org.testng.reporters.JUnitReportReporter -->
<testsuite hostname="DESKTOP-L74G382" failures="0" tests="2" name="dataprovider.DataproviderIndices" time="0.014" errors="0" timestamp="2023-09-20T10:54:07 IST" skipped="0">
  <testcase classname="dataprovider.DataproviderIndices" name="test" time="0.003"/>
  <testcase classname="dataprovider.DataproviderIndices" name="test" time="0.011"/>
</testsuite> <!-- dataprovider.DataproviderIndices -->
