<?xml version="1.0" encoding="UTF-8"?>
<!-- Generated by org.testng.reporters.JUnitReportReporter -->
<testsuite hostname="DESKTOP-L74G382" failures="0" tests="4" name="parallelExecution.Test2" time="0.024" errors="0" timestamp="2023-09-20T15:37:32 IST" skipped="0">
  <testcase classname="parallelExecution.Test2" name="test7" time="0.000"/>
  <testcase classname="parallelExecution.Test2" name="test5" time="0.020"/>
  <testcase classname="parallelExecution.Test2" name="test8" time="0.001"/>
  <testcase classname="parallelExecution.Test2" name="test6" time="0.003"/>
</testsuite> <!-- parallelExecution.Test2 -->
