<?xml version="1.0" encoding="UTF-8"?>
<!-- Generated by org.testng.reporters.JUnitReportReporter -->
<testsuite hostname="DESKTOP-L74G382" failures="0" tests="1" name="timeouts.expectedTimeout" time="0.071" errors="0" timestamp="2023-09-20T14:27:16 IST" skipped="0">
  <testcase classname="timeouts.expectedTimeout" name="verifyLogin" time="0.071"/>
</testsuite> <!-- timeouts.expectedTimeout -->
