<?xml version="1.0" encoding="UTF-8"?>
<!-- Generated by org.testng.reporters.JUnitReportReporter -->
<testsuite hostname="DESKTOP-L74G382" failures="0" tests="1" name="enabledisabletests.EnableDisable" time="1.310" errors="0" timestamp="2023-09-19T11:20:41 IST" skipped="0">
  <testcase classname="enabledisabletests.EnableDisable" name="login" time="1.310"/>
</testsuite> <!-- enabledisabletests.EnableDisable -->
