<?xml version="1.0" encoding="UTF-8"?>
<!-- Generated by org.testng.reporters.JUnitReportReporter -->
<testsuite hostname="DESKTOP-L74G382" failures="0" tests="1" name="assertions.SoftAssertions" time="1.410" errors="0" timestamp="2023-09-14T21:40:36 IST" skipped="0">
  <testcase classname="assertions.SoftAssertions" name="verifyLogin" time="1.410"/>
</testsuite> <!-- assertions.SoftAssertions -->
