<?xml version="1.0" encoding="UTF-8"?>
<!-- Generated by org.testng.reporters.JUnitReportReporter -->
<testsuite hostname="DESKTOP-L74G382" failures="0" tests="3" name="groups.Groups2" time="0.014" errors="0" timestamp="2023-09-19T15:58:49 IST" skipped="0">
  <testcase classname="groups.Groups2" name="test6" time="0.003"/>
  <testcase classname="groups.Groups2" name="test4" time="0.004"/>
  <testcase classname="groups.Groups2" name="test5" time="0.007"/>
</testsuite> <!-- groups.Groups2 -->
