<?xml version="1.0" encoding="UTF-8"?>
<!-- Generated by org.testng.reporters.JUnitReportReporter -->
<testsuite hostname="DESKTOP-L74G382" failures="0" tests="1" name="PackageInXML.UsingPackageInXML" time="7.756" errors="0" timestamp="2023-09-14T11:30:23 IST" skipped="0">
  <testcase classname="PackageInXML.UsingPackageInXML" name="launchBrowser" time="7.756"/>
</testsuite> <!-- PackageInXML.UsingPackageInXML -->
