<?xml version="1.0" encoding="UTF-8"?>
<!-- Generated by org.testng.reporters.JUnitReportReporter -->
<testsuite hostname="DESKTOP-L74G382" failures="0" tests="2" name="groups.RegExpressionGroups" time="0.005" errors="0" timestamp="2023-09-19T15:01:26 IST" skipped="0">
  <testcase classname="groups.RegExpressionGroups" name="testWindowsOnly" time="0.003"/>
  <testcase classname="groups.RegExpressionGroups" name="testWindowsToo" time="0.002"/>
</testsuite> <!-- groups.RegExpressionGroups -->
