<?xml version="1.0" encoding="UTF-8"?>
<!-- Generated by org.testng.reporters.JUnitReportReporter -->
<testsuite hostname="DESKTOP-L74G382" failures="0" tests="3" name="enabletestmethods.enableTestMethods1" time="0.011" errors="0" timestamp="2023-09-19T14:16:43 IST" skipped="1">
  <testcase classname="enabletestmethods.enableTestMethods1" name="test3" time="0.001"/>
  <testcase classname="enabletestmethods.enableTestMethods1" name="test2" time="0.010"/>
  <testcase classname="enabletestmethods.enableTestMethods1" name="test1">
    <skipped/>
  </testcase> <!-- test1 -->
</testsuite> <!-- enabletestmethods.enableTestMethods1 -->
