<?xml version="1.0" encoding="UTF-8"?>
<!-- Generated by org.testng.reporters.JUnitReportReporter -->
<testsuite hostname="DESKTOP-L74G382" failures="0" tests="2" name="annotations.Annotations" time="0.009" errors="0" timestamp="2023-09-19T09:49:32 IST" skipped="0">
  <testcase classname="annotations.Annotations" name="Test" time="0.007"/>
  <testcase classname="annotations.Annotations" name="Test1" time="0.002"/>
</testsuite> <!-- annotations.Annotations -->
