<?xml version="1.0" encoding="UTF-8"?>
<!-- Generated by org.testng.reporters.JUnitReportReporter -->
<testsuite hostname="DESKTOP-L74G382" failures="0" tests="3" name="demoTestNG.FirstTestNGScript" time="11.630" errors="0" timestamp="2023-09-14T11:05:20 IST" skipped="0">
  <testcase classname="demoTestNG.FirstTestNGScript" name="launchBrowser" time="1.314"/>
  <testcase classname="demoTestNG.FirstTestNGScript" name="tearDown" time="2.496"/>
  <testcase classname="demoTestNG.FirstTestNGScript" name="setUp" time="7.820"/>
</testsuite> <!-- demoTestNG.FirstTestNGScript -->
