<?xml version="1.0" encoding="UTF-8"?>
<!-- Generated by org.testng.reporters.JUnitReportReporter -->
<testsuite hostname="DESKTOP-L74G382" failures="0" tests="1" name="assertions.Assertions" time="2.514" errors="0" timestamp="2023-09-18T21:27:47 IST" skipped="0">
  <testcase classname="assertions.Assertions" name="verifyLogin" time="2.514"/>
</testsuite> <!-- assertions.Assertions -->
