<?xml version="1.0" encoding="UTF-8"?>
<!-- Generated by org.testng.reporters.JUnitReportReporter -->
<testsuite hostname="DESKTOP-L74G382" failures="0" tests="7" name="groupdependencies.GroupDependencies" time="0.021" errors="0" timestamp="2023-09-19T16:11:10 IST" skipped="0">
  <testcase classname="groupdependencies.GroupDependencies" name="test6" time="0.002"/>
  <testcase classname="groupdependencies.GroupDependencies" name="test3" time="0.002"/>
  <testcase classname="groupdependencies.GroupDependencies" name="test0" time="0.002"/>
  <testcase classname="groupdependencies.GroupDependencies" name="test5" time="0.001"/>
  <testcase classname="groupdependencies.GroupDependencies" name="test1" time="0.010"/>
  <testcase classname="groupdependencies.GroupDependencies" name="test4" time="0.003"/>
  <testcase classname="groupdependencies.GroupDependencies" name="test2" time="0.001"/>
</testsuite> <!-- groupdependencies.GroupDependencies -->
