<?xml version="1.0" encoding="UTF-8"?>
<!-- Generated by org.testng.reporters.JUnitReportReporter -->
<testsuite hostname="DESKTOP-L74G382" failures="0" tests="3" name="enabletestmethods.EnableTestMethods" time="0.014" errors="0" timestamp="2023-09-19T14:15:25 IST" skipped="2">
  <testcase classname="enabletestmethods.EnableTestMethods" name="test3" time="0.014"/>
  <testcase classname="enabletestmethods.EnableTestMethods" name="test1">
    <skipped/>
  </testcase> <!-- test1 -->
  <testcase classname="enabletestmethods.EnableTestMethods" name="test2">
    <skipped/>
  </testcase> <!-- test2 -->
</testsuite> <!-- enabletestmethods.EnableTestMethods -->
